000 (12498695.000.000) 07/05 18:00:26 Job submitted from host: <144.16.111.98:9619?addrs=144.16.111.98-9619>
...
001 (12498695.000.000) 07/05 18:00:43 Job executing on host: <192.168.2.89:9618?addrs=192.168.2.89-9618+[--1]-9618&noUDP&sock=7261_46e0_3>
...
006 (12498695.000.000) 07/05 18:00:45 Image size of job updated: 272420
	0  -  MemoryUsage of job (MB)
	0  -  ResidentSetSize of job (KB)
...
005 (12498695.000.000) 07/05 18:00:50 Job terminated.
	(1) Normal termination (return value 0)
		Usr 0 00:00:00, Sys 0 00:00:00  -  Run Remote Usage
		Usr 0 00:00:00, Sys 0 00:00:00  -  Run Local Usage
		Usr 0 00:00:00, Sys 0 00:00:00  -  Total Remote Usage
		Usr 0 00:00:00, Sys 0 00:00:00  -  Total Local Usage
	213  -  Run Bytes Sent By Job
	431  -  Run Bytes Received By Job
	213  -  Total Bytes Sent By Job
	431  -  Total Bytes Received By Job
	Partitionable Resources :    Usage  Request Allocated
	   Cpus                 :                 1         1
	   Disk (KB)            :       44        1   6155810
	   Memory (MB)          :        0        1      2302
...
