Summer20UL18_TTBar_Hadronic5Sept.log /TTToHadronic_TuneCP5_13TeV-powheg-pythia8/crab_crab_L5JERC_TTBar_Hadronic_20UL18_Aug2021/210827_143735/000 483
Summer20UL18_TTBar_SemiLeptonic5Sept.log /TTToSemiLeptonic_TuneCP5_13TeV-powheg-pythia8/crab_crab_L5JERC_TTBar_SemiLeptonic_20UL18_Aug2021/210828_041951/000 560
Summer20UL18_TTBar_DiLeptonic5Sept.log /TTTo2L2Nu_TuneCP5_13TeV-powheg-pythia8/crab_crab_L5JERC_TTBar_DiLeptonic_20UL18_Aug2021/210828_041634/000 179
Summer20UL18_DYJetsToLL_M-10to505Sept.log /DYJetsToLL_M-10to50_TuneCP5_13TeV-madgraphMLM-pythia8/crab_crab_L5JERC_DYJetsToLL_M-10to50_20UL18_Aug2021/210830_062057/000 103
Summer20UL18_DYJetsToLL_M-50_Inclusive5Sept.log /DYJetsToLL_M-50_TuneCP5_13TeV-madgraphMLM-pythia8/crab_crab_L5JERC_DYJetsToLL_M-50_20UL18_Aug2021/210830_063527/000 89
Summer20UL18_DYJetsToLL_M-50_HT-70to1005Sept.log /DYJetsToLL_M-50_HT-70to100_TuneCP5_PSweights_13TeV-madgraphMLM-pythia8/crab_crab_L5JERC_DYJetsToLL_M-50_HT-70to100_20UL18_JECV19_Aug2021/210830_075158/000 134
Summer20UL18_DYJetsToLL_M-50_HT-100To2005Sept.log /DYJetsToLL_M-50_HT-100to200_TuneCP5_PSweights_13TeV-madgraphMLM-pythia8/crab_crab_L5JERC_DYJetsToLL_M-50_HT-100to200_20UL18_JECV19_Aug2021/210830_080010/000 143
Summer20UL18_DYJetsToLL_M-50_HT-200To4005Sept.log /DYJetsToLL_M-50_HT-200to400_TuneCP5_PSweights_13TeV-madgraphMLM-pythia8/crab_crab_L5JERC_DYJetsToLL_M-50_HT-200to400_20UL18_JECV19_Aug2021/210830_080533/000 119
Summer20UL18_DYJetsToLL_M-50_HT-400To6005Sept.log /DYJetsToLL_M-50_HT-400to600_TuneCP5_PSweights_13TeV-madgraphMLM-pythia8/crab_crab_L5JERC_DYJetsToLL_M-50_HT-400to600_20UL18_JECV19_Aug2021/210830_081414/000 107
Summer20UL18_DYJetsToLL_M-50_HT-600To8005Sept.log /DYJetsToLL_M-50_HT-600to800_TuneCP5_PSweights_13TeV-madgraphMLM-pythia8/crab_crab_L5JERC_DYJetsToLL_M-50_HT-600to800_20UL18_JECV19_Aug2021/210830_082148/000 79
Summer20UL18_DYJetsToLL_M-50_HT-800To12005Sept.log /DYJetsToLL_M-50_HT-800to1200_TuneCP5_PSweights_13TeV-madgraphMLM-pythia8/crab_crab_L5JERC_DYJetsToLL_M-50_HT-800to1200_20UL18_JECV19_Aug2021/210830_082602/000 104
Summer20UL18_DYJetsToLL_M-50_HT-1200To25005Sept.log /DYJetsToLL_M-50_HT-1200to2500_TuneCP5_PSweights_13TeV-madgraphMLM-pythia8/crab_crab_L5JERC_DYJetsToLL_M-50_HT-1200to2500_20UL18_JECV19_Aug2021/210830_083021/000 123
Summer20UL18_DYJetsToLL_M-50_HT-2500toInf5Sept.log /DYJetsToLL_M-50_HT-2500toInf_TuneCP5_PSweights_13TeV-madgraphMLM-pythia8/crab_crab_L5JERC_DYJetsToLL_M-50_HT-2500toInf_20UL18_JECV19_Aug2021/210831_053025/000 77
Summer20UL18_ST_s_lep5Sept.log /ST_s-channel_4f_leptonDecays_TuneCP5_13TeV-amcatnlo-pythia8/crab_crab_L5JERC_ST_s_lep_19UL18_Aug2021/210830_053232/000 89
Summer20UL18_ST_tW_antitop5Sept.log /ST_tW_antitop_5f_NoFullyHadronicDecays_TuneCP5_13TeV-powheg-pythia8/crab_crab_L5JERC_ST_tW_antitop_20UL18_Aug2021/210830_054404/000 102
Summer20UL18_ST_tW_top5Sept.log /ST_tW_top_5f_NoFullyHadronicDecays_TuneCP5_13TeV-powheg-pythia8/crab_crab_L5JERC_ST_tW_top_20UL18_Aug2021/210830_054118/000 90
Summer19UL18_ST_t4f_antitop5Sept.log /ST_t-channel_antitop_4f_InclusiveDecays_TuneCP5_13TeV-powheg-madspin-pythia8/crab_crab_L5JERC_ST_t4f_antitop_19UL18_Aug2021/210830_052030/000 68
Summer19UL18_ST_t4f_top5Sept.log /ST_t-channel_top_4f_InclusiveDecays_TuneCP5_13TeV-powheg-madspin-pythia8/crab_crab_L5JERC_ST_t4f_top_19UL18_Aug2021/210830_051820/000 108
Summer20UL18_WW5Sept.log /WW_TuneCP5_13TeV-pythia8/crab_crab_L5JERC_WW_20UL18_Aug2021/210828_052052/000 36
Summer20UL18_WZ5Sept.log /WZ_TuneCP5_13TeV-pythia8/crab_crab_L5JERC_WZ_20UL18_Aug2021/210828_052548/000 29 
Summer20UL18_ZZ5Sept.log /ZZ_TuneCP5_13TeV-pythia8/crab_crab_L5JERC_ZZ_20UL18_Aug2021/210828_053630/000 21
Summer20UL18_WJetsToLNu_HT-70to1005Sept.log /WJetsToLNu_HT-70To100_TuneCP5_13TeV-madgraphMLM-pythia8/crab_crab_L5JERC_WJetsToLNu_HT-70To100_20UL18_JECV19_Aug2021/210830_104232/000 113
Summer20UL18_WJetsToLNu_HT-100To2005Sept.log /WJetsToLNu_HT-100To200_TuneCP5_13TeV-madgraphMLM-pythia8/crab_crab_L5JERC_WJetsToLNu_HT-100To200_20UL18_JECV19_Aug2021/210830_105634/000 189
Summer20UL18_WJetsToLNu_HT-200To4005Sept.log /WJetsToLNu_HT-200To400_TuneCP5_13TeV-madgraphMLM-pythia8/crab_crab_L5JERC_WJetsToLNu_HT-200To400_20UL18_JECV19_Aug2021/210830_111651/000 167
Summer20UL18_WJetsToLNu_HT-400To6005Sept.log /WJetsToLNu_HT-400To600_TuneCP5_13TeV-madgraphMLM-pythia8/crab_crab_L5JERC_WJetsToLNu_HT-400To600_Autumn18_JECV19_Aug2021/210830_114800/000 58
Summer20UL18_WJetsToLNu_HT-600To8005Sept.log /WJetsToLNu_HT-600To800_TuneCP5_13TeV-madgraphMLM-pythia8/crab_crab_L5JERC_WJetsToLNu_HT-600To800_20UL18_JECV19_Aug2021/210830_120110/000 68
Summer20UL18_WJetsToLNu_HT-800To12005Sept.log /WJetsToLNu_HT-800To1200_TuneCP5_13TeV-madgraphMLM-pythia8/crab_crab_L5JERC_WJetsToLNu_HT-800To1200_20UL18_JECV19_Aug2021/210830_120738/000 88
Summer20UL18_WJetsToLNu_HT-1200To25005Sept.log /WJetsToLNu_HT-1200To2500_TuneCP5_13TeV-madgraphMLM-pythia8/crab_crab_L5JERC_WJetsToLNu_HT-1200To2500_20UL18_JECV19_Aug2021/210830_121056/000 77
Autumn18_WJetsToLNu_HT-2500toInf5Sept.log //000 (no UL file available)
Summer20UL18_WJetsToLNu_Inclusive5Sept.log /WJetsToLNu_TuneCP5_13TeV-madgraphMLM-pythia8/crab_crab_L5JERC_WJetsToLNu_TuneCP5_20UL18_JECV19_Aug2021/210831_055327/000 145
Summer19UL18_QCD_MG_100to2005Sept.log /QCD_HT100to200_TuneCP5_PSWeights_13TeV-madgraphMLM-pythia8/crab_crab_L5JERC_QCD_MG_100to200_CP5_19UL18_Aug2021/210828_151429/000 68
Summer19UL18_QCD_MG_200to3005Sept.log /QCD_HT200to300_TuneCP5_PSWeights_13TeV-madgraphMLM-pythia8/crab_crab_L5JERC_QCD_MG_200to300_CP5_19UL18_Aug2021/210828_153209/000 26
Summer19UL18_QCD_MG_300to5005Sept.log /QCD_HT300to500_TuneCP5_PSWeights_13TeV-madgraphMLM-pythia8/crab_crab_L5JERC_QCD_MG_300to500_CP5_19UL18_Aug2021/210828_153814/000 65
Summer19UL18_QCD_MG_500to7005Sept.log /QCD_HT500to700_TuneCP5_PSWeights_13TeV-madgraphMLM-pythia8/crab_crab_L5JERC_QCD_MG_500to700_CP5_19UL18_Aug2021/210828_154053/000 66
Summer19UL18_QCD_MG_700to10005Sept.log /QCD_HT700to1000_TuneCP5_PSWeights_13TeV-madgraphMLM-pythia8/crab_crab_L5JERC_QCD_MG_700to1000_CP5_19UL18_Aug2021/210828_154225/000 56
Summer19UL18_QCD_MG_1000to15005Sept.log /QCD_HT1000to1500_TuneCP5_PSWeights_13TeV-madgraphMLM-pythia8/crab_crab_L5JERC_QCD_MG_1000to1500_CP5_19UL18_Aug2021/210828_154422/000 23
Summer19UL18_QCD_MG_1500to20005Sept.log /QCD_HT1500to2000_TuneCP5_PSWeights_13TeV-madgraphMLM-pythia8/crab_crab_L5JERC_QCD_MG_1500to2000_CP5_19UL18_Aug2021/210830_050425/000 14
Summer19UL18_QCD_MG_2000toInf5Sept.log /QCD_HT2000toInf_TuneCP5_PSWeights_13TeV-madgraphMLM-pythia8/crab_crab_L5JERC_QCD_MG_2000toInf_CP5_19UL18_Aug2021/210828_154655/000 10
Summer20UL18_TTGJets5Sept.log /TTGJets_TuneCP5_13TeV-amcatnloFXFX-madspin-pythia8/crab_crab_L5JERC_TTGJets_TuneCP5_20UL18_JECV19_Aug2021/210831_062344/000 60
Summer20UL18_TTZToQQ5Sept.log /TTZToQQ_TuneCP5_13TeV-amcatnlo-pythia8/crab_crab_L5JERC_TTZToQQ_TuneCP5_20UL18_JECV19_Aug2021/210831_062127/000 49
Summer20UL18_TTWJetsToLNu5Sept.log /TTWJetsToLNu_TuneCP5_13TeV-amcatnloFXFX-madspin-pythia8/crab_crab_L5JERC_TTWJetsToLNu_TuneCP5_20UL18_JECV19_Aug2021/210831_060641/000 41 (check)
Summer20UL18_TTWJetsToQQ5Sept.log /TTWJetsToQQ_TuneCP5_13TeV-amcatnloFXFX-madspin-pythia8/crab_crab_L5JERC_TTWJetsToQQ_TuneCP5_20UL18_JECV19_Aug2021/210831_061424/000 19
Summer20UL18_TTZToLLNuNu5Sept.log /TTZToLLNuNu_M-10_TuneCP5_13TeV-amcatnlo-pythia8/crab_crab_L5JERC_TTZToLLNuNu_M-10_TuneCP5_20UL18_JECV19_Aug2021/210831_061816/000 58
Summer20UL18_JetHT_2018D5Sept.log /JetHT/crab_crab_L5JERC_JetHT_2018D_20UL18_JERCL5_Aug2021/210901_103350/000 6297 (check)
Summer20UL18_JetHT_2018C5Sept.log /JetHT/crab_crab_L5JERC_JetHT_2018C_20UL18_JERCL5_Aug2021/210901_102815/000 1310
Summer20UL18_JetHT_2018B5Sept.log /JetHT/crab_crab_L5JERC_JetHT_2018B_20UL18_JERCL5_Aug2021/210901_102620/000 1312 
Summer20UL18_JetHT_2018A5Sept.log /JetHT/crab_crab_L5JERC_JetHT_2018A_20UL18_JERCL5_Aug2021/210901_142924/000 2771
Summer20UL18_EGamma_2018D5Sept.log /EGamma/crab_crab_L5JERC_EGamma_2018D_20UL18_JERCL5_Aug2021/210901_073907/000 6295
Summer20UL18_EGamma_2018C5Sept.log /EGamma/crab_crab_L5JERC_EGamma_2018C_20UL18_JERCL5_Aug2021/210831_153230/000 1314
Summer20UL18_EGamma_2018B5Sept.log /EGamma/crab_crab_L5JERC_EGamma_2018B_20UL18_JERCL5_Aug2021/210831_150916/000 1310
Summer20UL18_EGamma_2018A5Sept.log /EGamma/crab_crab_L5JERC_EGamma_2018A_20UL18_JERCL5_Aug2021/210831_141825/000 2771
Summer20UL18_MuEG_2018D5Sept.log /MuonEG/crab_crab_L5JERC_MuEG_2018D_20UL18_JERCL5_Aug2021/210901_083435/000 6289
Summer20UL18_MuEG_2018C5Sept.log /MuonEG/crab_crab_L5JERC_MuEG_2018C_20UL18_JERCL5_Aug2021/210901_080743/000 1311
Summer20UL18_MuEG_2018B5Sept.log /MuonEG/crab_crab_L5JERC_MuEG_2018B_20UL18_JERCL5_Aug2021/210901_080008/000 1310
Summer20UL18_MuEG_2018A5Sept.log /MuonEG/crab_crab_L5JERC_MuEG_2018A_20UL18_JERCL5_Aug2021/210831_154644/000 2777
Summer20UL18_Single_Muon_2018D5Sept.log /SingleMuon/crab_crab_L5JERC_Single_Muon_2018D_20UL18_JERCL5_Aug2021/210831_133746/000 6303
Summer20UL18_Single_Muon_2018C5Sept.log /SingleMuon/crab_crab_L5JERC_Single_Muon_2018C_20UL18_JERCL5_Aug2021/210831_135140/000 1324
Summer20UL18_Single_Muon_2018B5Sept.log /SingleMuon/crab_crab_L5JERC_Single_Muon_2018B_20UL18_JERCL5_Aug2021/210831_132834/000 1311
Summer20UL18_Single_Muon_2018A5Sept.log /SingleMuon/crab_crab_L5JERC_Single_Muon_2018A_20UL18_JERCL5_Aug2021/210831_130149/000 2818
